Using pre-set license
Built from '2020.3/release' branch; Version is '2020.3.2f1 (8fd9074bf66c) revision 9427207'; Using compiler version '192528614'; Build Type 'Release'
OS: 'Windows 10 Home; OS build 19042.1348; Version 2009; 64bit' Language: 'en' Physical Memory: 16180 MB
BatchMode: 1, IsHumanControllingUs: 0, StartBugReporterOnCrash: 0, Is64bit: 1, IsPro: 0

 COMMAND LINE ARGUMENTS:
C:\Program Files\Unity\Hub\Editor\2020.3.2f1\Editor\Unity.exe
-adb2
-batchMode
-noUpm
-name
AssetImportWorker0
-projectPath
C:/Users/magen/Documents/UnityProjects/UntitledProject1/RPGProject
-logFile
Logs/AssetImportWorker0.log
-srvPort
62918
Successfully changed project path to: C:/Users/magen/Documents/UnityProjects/UntitledProject1/RPGProject
C:/Users/magen/Documents/UnityProjects/UntitledProject1/RPGProject
Using Asset Import Pipeline V2.
Refreshing native plugins compatible for Editor in 26.35 ms, found 0 plugins.
Preloading 0 native plugins for Editor in 0.00 ms.
Initialize engine version: 2020.3.2f1 (8fd9074bf66c)
[Subsystems] Discovering subsystems at path C:/Program Files/Unity/Hub/Editor/2020.3.2f1/Editor/Data/Resources/UnitySubsystems
[Subsystems] Discovering subsystems at path C:/Users/magen/Documents/UnityProjects/UntitledProject1/RPGProject/Assets
GfxDevice: creating device client; threaded=0
Direct3D:
    Version:  Direct3D 11.0 [level 11.1]
    Renderer: NVIDIA GeForce RTX 2070 with Max-Q Design (ID=0x1f10)
    Vendor:   
    VRAM:     8031 MB
    Driver:   27.21.14.6618
Initialize mono
Mono path[0] = 'C:/Program Files/Unity/Hub/Editor/2020.3.2f1/Editor/Data/Managed'
Mono path[1] = 'C:/Program Files/Unity/Hub/Editor/2020.3.2f1/Editor/Data/MonoBleedingEdge/lib/mono/unityjit'
Mono config path = 'C:/Program Files/Unity/Hub/Editor/2020.3.2f1/Editor/Data/MonoBleedingEdge/etc'
Using monoOptions --debugger-agent=transport=dt_socket,embedding=1,server=y,suspend=n,address=127.0.0.1:56168
Begin MonoManager ReloadAssembly
Registering precompiled unity dll's ...
Register platform support module: C:/Program Files/Unity/Hub/Editor/2020.3.2f1/Editor/Data/PlaybackEngines/WebGLSupport/UnityEditor.WebGL.Extensions.dll
Register platform support module: C:/Program Files/Unity/Hub/Editor/2020.3.2f1/Editor/Data/PlaybackEngines/WindowsStandaloneSupport/UnityEditor.WindowsStandalone.Extensions.dll
Registered in 0.003405 seconds.
Native extension for WindowsStandalone target not found
Native extension for WebGL target not found
Refreshing native plugins compatible for Editor in 23.86 ms, found 0 plugins.
Preloading 0 native plugins for Editor in 0.00 ms.
Invoked RoslynAnalysisRunner static constructor.
RoslynAnalysisRunner will not be running.
RoslynAnalysisRunner has terminated.
Mono: successfully reloaded assembly
- Completed reload, in  1.874 seconds
Platform modules already initialized, skipping
Registering precompiled user dll's ...
Registered in 0.000997 seconds.
Begin MonoManager ReloadAssembly
Native extension for WindowsStandalone target not found
Native extension for WebGL target not found
Refreshing native plugins compatible for Editor in 0.20 ms, found 0 plugins.
Preloading 0 native plugins for Editor in 0.00 ms.
Invoked RoslynAnalysisRunner static constructor.
RoslynAnalysisRunner will not be running.
RoslynAnalysisRunner has terminated.
Mono: successfully reloaded assembly
- Completed reload, in  0.877 seconds
Platform modules already initialized, skipping
========================================================================
Worker process is ready to serve import requests
Launched and connected shader compiler UnityShaderCompiler.exe after 0.06 seconds
Refreshing native plugins compatible for Editor in 0.20 ms, found 0 plugins.
Preloading 0 native plugins for Editor in 0.00 ms.
Unloading 1117 Unused Serialized files (Serialized files now loaded: 0)
System memory in use before: 69.6 MB.
System memory in use after: 69.6 MB.

Unloading 10 unused Assets to reduce memory usage. Loaded Objects now: 1578.
Total: 1.752000 ms (FindLiveObjects: 0.141900 ms CreateObjectMapping: 0.048900 ms MarkObjects: 1.466700 ms  DeleteObjects: 0.093500 ms)

========================================================================
Received Import Request.
  path: Assets/Scripts/Mover.cs
  artifactKey: Guid(043c92dcf212fdf4a80213198280f4f7) Importer(815301076,1909f56bfc062723c751e8b465ee728b)
Start importing Assets/Scripts/Mover.cs using Guid(043c92dcf212fdf4a80213198280f4f7) Importer(815301076,1909f56bfc062723c751e8b465ee728b)  -> (artifact id: '65418d968d5f66567c48098a2768cb13') in 0.032456 seconds
  Import took 0.034311 seconds .

========================================================================
Received Prepare
Registering precompiled user dll's ...
Registered in 0.001111 seconds.
Begin MonoManager ReloadAssembly
Native extension for WindowsStandalone target not found
Native extension for WebGL target not found
Refreshing native plugins compatible for Editor in 0.20 ms, found 0 plugins.
Preloading 0 native plugins for Editor in 0.00 ms.
Invoked RoslynAnalysisRunner static constructor.
RoslynAnalysisRunner will not be running.
RoslynAnalysisRunner has terminated.
Mono: successfully reloaded assembly
- Completed reload, in  0.781 seconds
Platform modules already initialized, skipping
Refreshing native plugins compatible for Editor in 0.19 ms, found 0 plugins.
Preloading 0 native plugins for Editor in 0.00 ms.
Unloading 1112 Unused Serialized files (Serialized files now loaded: 0)
System memory in use before: 69.5 MB.
System memory in use after: 69.6 MB.

Unloading 5 unused Assets to reduce memory usage. Loaded Objects now: 1581.
Total: 5.771800 ms (FindLiveObjects: 0.380300 ms CreateObjectMapping: 0.121000 ms MarkObjects: 5.087500 ms  DeleteObjects: 0.180000 ms)

========================================================================
Received Import Request.
  Time since last request: 9.642905 seconds.
  path: Assets/Scripts/Mover.cs
  artifactKey: Guid(043c92dcf212fdf4a80213198280f4f7) Importer(815301076,1909f56bfc062723c751e8b465ee728b)
Start importing Assets/Scripts/Mover.cs using Guid(043c92dcf212fdf4a80213198280f4f7) Importer(815301076,1909f56bfc062723c751e8b465ee728b)  -> (artifact id: '21cc5fe9130f35c0d7b40530049528dd') in 0.005437 seconds
  Import took 0.007681 seconds .

========================================================================
Received Prepare
Registering precompiled user dll's ...
Registered in 0.000938 seconds.
Begin MonoManager ReloadAssembly
Native extension for WindowsStandalone target not found
Native extension for WebGL target not found
Refreshing native plugins compatible for Editor in 0.20 ms, found 0 plugins.
Preloading 0 native plugins for Editor in 0.00 ms.
Invoked RoslynAnalysisRunner static constructor.
RoslynAnalysisRunner will not be running.
RoslynAnalysisRunner has terminated.
Mono: successfully reloaded assembly
- Completed reload, in  0.744 seconds
Platform modules already initialized, skipping
Refreshing native plugins compatible for Editor in 0.19 ms, found 0 plugins.
Preloading 0 native plugins for Editor in 0.00 ms.
Unloading 1112 Unused Serialized files (Serialized files now loaded: 0)
System memory in use before: 69.5 MB.
System memory in use after: 69.6 MB.

Unloading 5 unused Assets to reduce memory usage. Loaded Objects now: 1584.
Total: 1.546900 ms (FindLiveObjects: 0.127800 ms CreateObjectMapping: 0.030700 ms MarkObjects: 1.329900 ms  DeleteObjects: 0.057600 ms)

========================================================================
Received Import Request.
  Time since last request: 273.225424 seconds.
  path: Assets/Scripts/Movement
  artifactKey: Guid(4dde4f761df937c4ca88a12e4964489d) Importer(815301076,1909f56bfc062723c751e8b465ee728b)
Start importing Assets/Scripts/Movement using Guid(4dde4f761df937c4ca88a12e4964489d) Importer(815301076,1909f56bfc062723c751e8b465ee728b)  -> (artifact id: '68be453443e1a6d73ed1a5efab712ecd') in 0.005207 seconds
  Import took 0.007006 seconds .

========================================================================
Received Prepare
Registering precompiled user dll's ...
Registered in 0.000937 seconds.
Begin MonoManager ReloadAssembly
Native extension for WindowsStandalone target not found
Native extension for WebGL target not found
Refreshing native plugins compatible for Editor in 0.19 ms, found 0 plugins.
Preloading 0 native plugins for Editor in 0.00 ms.
Invoked RoslynAnalysisRunner static constructor.
RoslynAnalysisRunner will not be running.
RoslynAnalysisRunner has terminated.
Mono: successfully reloaded assembly
- Completed reload, in  0.782 seconds
Platform modules already initialized, skipping
Refreshing native plugins compatible for Editor in 0.19 ms, found 0 plugins.
Preloading 0 native plugins for Editor in 0.00 ms.
Unloading 1112 Unused Serialized files (Serialized files now loaded: 0)
System memory in use before: 69.5 MB.
System memory in use after: 69.6 MB.

Unloading 5 unused Assets to reduce memory usage. Loaded Objects now: 1587.
Total: 2.581000 ms (FindLiveObjects: 0.335400 ms CreateObjectMapping: 0.071500 ms MarkObjects: 2.112400 ms  DeleteObjects: 0.060400 ms)

========================================================================
Received Prepare
Registering precompiled user dll's ...
Registered in 0.001199 seconds.
Begin MonoManager ReloadAssembly
Native extension for WindowsStandalone target not found
Native extension for WebGL target not found
Refreshing native plugins compatible for Editor in 0.19 ms, found 0 plugins.
Preloading 0 native plugins for Editor in 0.00 ms.
Invoked RoslynAnalysisRunner static constructor.
RoslynAnalysisRunner will not be running.
RoslynAnalysisRunner has terminated.
Mono: successfully reloaded assembly
- Completed reload, in  0.730 seconds
Platform modules already initialized, skipping
Refreshing native plugins compatible for Editor in 0.19 ms, found 0 plugins.
Preloading 0 native plugins for Editor in 0.00 ms.
Unloading 1112 Unused Serialized files (Serialized files now loaded: 0)
System memory in use before: 69.6 MB.
System memory in use after: 69.6 MB.

Unloading 5 unused Assets to reduce memory usage. Loaded Objects now: 1590.
Total: 1.982400 ms (FindLiveObjects: 0.160800 ms CreateObjectMapping: 0.045600 ms MarkObjects: 1.665700 ms  DeleteObjects: 0.108400 ms)

========================================================================
Received Prepare
Registering precompiled user dll's ...
Registered in 0.000974 seconds.
Begin MonoManager ReloadAssembly
Native extension for WindowsStandalone target not found
Native extension for WebGL target not found
Refreshing native plugins compatible for Editor in 0.19 ms, found 0 plugins.
Preloading 0 native plugins for Editor in 0.00 ms.
Invoked RoslynAnalysisRunner static constructor.
RoslynAnalysisRunner will not be running.
RoslynAnalysisRunner has terminated.
Mono: successfully reloaded assembly
- Completed reload, in  0.761 seconds
Platform modules already initialized, skipping
Refreshing native plugins compatible for Editor in 0.20 ms, found 0 plugins.
Preloading 0 native plugins for Editor in 0.00 ms.
Unloading 1112 Unused Serialized files (Serialized files now loaded: 0)
System memory in use before: 69.6 MB.
System memory in use after: 69.6 MB.

Unloading 5 unused Assets to reduce memory usage. Loaded Objects now: 1593.
Total: 2.217300 ms (FindLiveObjects: 0.184500 ms CreateObjectMapping: 0.058200 ms MarkObjects: 1.913500 ms  DeleteObjects: 0.060100 ms)

========================================================================
Received Import Request.
  Time since last request: 127.890536 seconds.
  path: Assets/Game/Weapons
  artifactKey: Guid(05c9283669fe17a489c1beeb7baf0f26) Importer(815301076,1909f56bfc062723c751e8b465ee728b)
Start importing Assets/Game/Weapons using Guid(05c9283669fe17a489c1beeb7baf0f26) Importer(815301076,1909f56bfc062723c751e8b465ee728b)  -> (artifact id: '4e30b2132a8fd056294e019a76daf7b9') in 0.004712 seconds
  Import took 0.006493 seconds .

========================================================================
Received Import Request.
  Time since last request: 8.194432 seconds.
  path: Assets/Game/Core
  artifactKey: Guid(c87399255503b18499ee59bfff9afa5e) Importer(815301076,1909f56bfc062723c751e8b465ee728b)
Start importing Assets/Game/Core using Guid(c87399255503b18499ee59bfff9afa5e) Importer(815301076,1909f56bfc062723c751e8b465ee728b)  -> (artifact id: 'dd16c4fbdfbdcb2273e23e2951f421e5') in 0.002695 seconds
  Import took 0.004431 seconds .

========================================================================
Received Import Request.
  Time since last request: 209.057736 seconds.
  path: Assets/Scenes/SampleScene
  artifactKey: Guid(c73a9452003edd549a53c2babe710c4f) Importer(815301076,1909f56bfc062723c751e8b465ee728b)
Start importing Assets/Scenes/SampleScene using Guid(c73a9452003edd549a53c2babe710c4f) Importer(815301076,1909f56bfc062723c751e8b465ee728b)  -> (artifact id: '8cb6315bdb3d39b3cca9c267a61a8964') in 0.004367 seconds
  Import took 0.006512 seconds .

========================================================================
Received Import Request.
  Time since last request: 0.063091 seconds.
  path: Assets/Scenes/SampleScene/NavMesh.asset
  artifactKey: Guid(8e5fa9da8e5764f4ea2b24f7a34f5287) Importer(815301076,1909f56bfc062723c751e8b465ee728b)
Start importing Assets/Scenes/SampleScene/NavMesh.asset using Guid(8e5fa9da8e5764f4ea2b24f7a34f5287) Importer(815301076,1909f56bfc062723c751e8b465ee728b)  -> (artifact id: '6a82ac1deb341d859febdd33595c3373') in 0.015429 seconds
  Import took 0.017279 seconds .

========================================================================
Received Import Request.
  Time since last request: 10.876848 seconds.
  path: Assets/Scenes/SandBox
  artifactKey: Guid(c73a9452003edd549a53c2babe710c4f) Importer(815301076,1909f56bfc062723c751e8b465ee728b)
Start importing Assets/Scenes/SandBox using Guid(c73a9452003edd549a53c2babe710c4f) Importer(815301076,1909f56bfc062723c751e8b465ee728b)  -> (artifact id: '55d63b8c52fe5eae9a06feaec4feae62') in 0.002763 seconds
  Import took 0.005543 seconds .

========================================================================
Received Import Request.
  Time since last request: 42.292150 seconds.
  path: Assets/UI
  artifactKey: Guid(0513aac016cf431408a9dd889c349452) Importer(815301076,1909f56bfc062723c751e8b465ee728b)
Start importing Assets/UI using Guid(0513aac016cf431408a9dd889c349452) Importer(815301076,1909f56bfc062723c751e8b465ee728b)  -> (artifact id: '33bab008653f4e66bb5448cc426d5dd9') in 0.002900 seconds
  Import took 0.004757 seconds .

========================================================================
Received Import Request.
  Time since last request: 96.925465 seconds.
  path: Assets/Model
  artifactKey: Guid(adf1c3a061c8b074da722544c33e0112) Importer(815301076,1909f56bfc062723c751e8b465ee728b)
Start importing Assets/Model using Guid(adf1c3a061c8b074da722544c33e0112) Importer(815301076,1909f56bfc062723c751e8b465ee728b)  -> (artifact id: 'ecd686e7541e06b2efb63af0f5eb859b') in 0.002699 seconds
  Import took 0.004499 seconds .

========================================================================
Received Import Request.
  Time since last request: 5.261604 seconds.
  path: Assets/Audio
  artifactKey: Guid(3bedd24df4468a0449b59600dd6eca02) Importer(815301076,1909f56bfc062723c751e8b465ee728b)
Start importing Assets/Audio using Guid(3bedd24df4468a0449b59600dd6eca02) Importer(815301076,1909f56bfc062723c751e8b465ee728b)  -> (artifact id: 'bd318098abcfbb02344f59a492d008cb') in 0.002613 seconds
  Import took 0.004559 seconds .

========================================================================
Received Import Request.
  Time since last request: 3053.874261 seconds.
  path: Assets/Game/Characters/Enemy.prefab
  artifactKey: Guid(e3f5636c13906294ca95f7ebb7277a37) Importer(815301076,1909f56bfc062723c751e8b465ee728b)
Start importing Assets/Game/Characters/Enemy.prefab using Guid(e3f5636c13906294ca95f7ebb7277a37) Importer(815301076,1909f56bfc062723c751e8b465ee728b)  -> (artifact id: '3bdfb71a628862ed24b3341999852fb8') in 0.455411 seconds
  Import took 0.517098 seconds .

========================================================================
Received Prepare
Registering precompiled user dll's ...
Registered in 0.002549 seconds.
Begin MonoManager ReloadAssembly
Native extension for WindowsStandalone target not found
Native extension for WebGL target not found
Refreshing native plugins compatible for Editor in 0.86 ms, found 0 plugins.
Preloading 0 native plugins for Editor in 0.00 ms.
Invoked RoslynAnalysisRunner static constructor.
RoslynAnalysisRunner will not be running.
RoslynAnalysisRunner has terminated.
Mono: successfully reloaded assembly
- Completed reload, in  2.170 seconds
Platform modules already initialized, skipping
Refreshing native plugins compatible for Editor in 0.47 ms, found 0 plugins.
Preloading 0 native plugins for Editor in 0.00 ms.
Unloading 1112 Unused Serialized files (Serialized files now loaded: 0)
System memory in use before: 72.7 MB.
System memory in use after: 72.8 MB.

Unloading 6 unused Assets to reduce memory usage. Loaded Objects now: 1604.
Total: 3.738300 ms (FindLiveObjects: 0.239600 ms CreateObjectMapping: 0.073900 ms MarkObjects: 3.279300 ms  DeleteObjects: 0.142800 ms)

========================================================================
Received Import Request.
  Time since last request: 306.894615 seconds.
  path: Assets/Scripts/Movement/PlayerController.cs
  artifactKey: Guid(e4c7326ee2b3ee940bfb3a1b35913fa2) Importer(815301076,1909f56bfc062723c751e8b465ee728b)
Start importing Assets/Scripts/Movement/PlayerController.cs using Guid(e4c7326ee2b3ee940bfb3a1b35913fa2) Importer(815301076,1909f56bfc062723c751e8b465ee728b)  -> (artifact id: 'bbe2779a98e47ff4cefeeea408d9f291') in 0.008833 seconds
  Import took 0.012375 seconds .

========================================================================
Received Prepare
Registering precompiled user dll's ...
Registered in 0.001706 seconds.
Begin MonoManager ReloadAssembly
Native extension for WindowsStandalone target not found
Native extension for WebGL target not found
Refreshing native plugins compatible for Editor in 0.57 ms, found 0 plugins.
Preloading 0 native plugins for Editor in 0.00 ms.
Invoked RoslynAnalysisRunner static constructor.
RoslynAnalysisRunner will not be running.
RoslynAnalysisRunner has terminated.
Mono: successfully reloaded assembly
- Completed reload, in  1.503 seconds
Platform modules already initialized, skipping
Refreshing native plugins compatible for Editor in 0.51 ms, found 0 plugins.
Preloading 0 native plugins for Editor in 0.00 ms.
Unloading 1113 Unused Serialized files (Serialized files now loaded: 0)
System memory in use before: 72.8 MB.
System memory in use after: 72.8 MB.

Unloading 5 unused Assets to reduce memory usage. Loaded Objects now: 1608.
Total: 4.633000 ms (FindLiveObjects: 0.419700 ms CreateObjectMapping: 0.140600 ms MarkObjects: 3.910900 ms  DeleteObjects: 0.158900 ms)

========================================================================
Received Import Request.
  Time since last request: 18.593309 seconds.
  path: Assets/Scripts/Control
  artifactKey: Guid(b3f5c710439c60a428686b46cb954a6b) Importer(815301076,1909f56bfc062723c751e8b465ee728b)
Start importing Assets/Scripts/Control using Guid(b3f5c710439c60a428686b46cb954a6b) Importer(815301076,1909f56bfc062723c751e8b465ee728b)  -> (artifact id: 'd24b6f5c50f5eb6634fd6dec16abbc20') in 0.006598 seconds
  Import took 0.009526 seconds .

========================================================================
Received Prepare
Registering precompiled user dll's ...
Registered in 0.001214 seconds.
Begin MonoManager ReloadAssembly
Native extension for WindowsStandalone target not found
Native extension for WebGL target not found
Refreshing native plugins compatible for Editor in 0.43 ms, found 0 plugins.
Preloading 0 native plugins for Editor in 0.00 ms.
Invoked RoslynAnalysisRunner static constructor.
RoslynAnalysisRunner will not be running.
RoslynAnalysisRunner has terminated.
Mono: successfully reloaded assembly
- Completed reload, in  2.234 seconds
Platform modules already initialized, skipping
Refreshing native plugins compatible for Editor in 0.61 ms, found 0 plugins.
Preloading 0 native plugins for Editor in 0.00 ms.
Unloading 1113 Unused Serialized files (Serialized files now loaded: 0)
System memory in use before: 72.8 MB.
System memory in use after: 72.8 MB.

Unloading 5 unused Assets to reduce memory usage. Loaded Objects now: 1611.
Total: 4.279600 ms (FindLiveObjects: 0.254900 ms CreateObjectMapping: 0.082700 ms MarkObjects: 3.796600 ms  DeleteObjects: 0.142500 ms)

========================================================================
Received Prepare
Registering precompiled user dll's ...
Registered in 0.002462 seconds.
Begin MonoManager ReloadAssembly
Native extension for WindowsStandalone target not found
Native extension for WebGL target not found
Refreshing native plugins compatible for Editor in 0.25 ms, found 0 plugins.
Preloading 0 native plugins for Editor in 0.00 ms.
Invoked RoslynAnalysisRunner static constructor.
RoslynAnalysisRunner will not be running.
RoslynAnalysisRunner has terminated.
Mono: successfully reloaded assembly
- Completed reload, in  1.832 seconds
Platform modules already initialized, skipping
Refreshing native plugins compatible for Editor in 0.55 ms, found 0 plugins.
Preloading 0 native plugins for Editor in 0.00 ms.
Unloading 1113 Unused Serialized files (Serialized files now loaded: 0)
System memory in use before: 72.8 MB.
System memory in use after: 72.8 MB.

Unloading 5 unused Assets to reduce memory usage. Loaded Objects now: 1614.
Total: 5.962800 ms (FindLiveObjects: 0.568700 ms CreateObjectMapping: 0.132700 ms MarkObjects: 5.047800 ms  DeleteObjects: 0.209600 ms)

========================================================================
Received Import Request.
  Time since last request: 196.559727 seconds.
  path: Assets/Scripts/Control/PlayerController.cs
  artifactKey: Guid(e4c7326ee2b3ee940bfb3a1b35913fa2) Importer(815301076,1909f56bfc062723c751e8b465ee728b)
Start importing Assets/Scripts/Control/PlayerController.cs using Guid(e4c7326ee2b3ee940bfb3a1b35913fa2) Importer(815301076,1909f56bfc062723c751e8b465ee728b)  -> (artifact id: '35e6682f18cd6fdb50c56a85875e7951') in 0.020862 seconds
  Import took 0.030798 seconds .

========================================================================
Received Prepare
Registering precompiled user dll's ...
Registered in 0.000919 seconds.
Begin MonoManager ReloadAssembly
Native extension for WindowsStandalone target not found
Native extension for WebGL target not found
Refreshing native plugins compatible for Editor in 0.21 ms, found 0 plugins.
Preloading 0 native plugins for Editor in 0.00 ms.
Invoked RoslynAnalysisRunner static constructor.
RoslynAnalysisRunner will not be running.
RoslynAnalysisRunner has terminated.
Mono: successfully reloaded assembly
- Completed reload, in  0.769 seconds
Platform modules already initialized, skipping
Refreshing native plugins compatible for Editor in 0.19 ms, found 0 plugins.
Preloading 0 native plugins for Editor in 0.00 ms.
Unloading 1113 Unused Serialized files (Serialized files now loaded: 0)
System memory in use before: 72.8 MB.
System memory in use after: 72.8 MB.

Unloading 5 unused Assets to reduce memory usage. Loaded Objects now: 1617.
Total: 1.830300 ms (FindLiveObjects: 0.173900 ms CreateObjectMapping: 0.057100 ms MarkObjects: 1.536700 ms  DeleteObjects: 0.061200 ms)

========================================================================
Received Prepare
Registering precompiled user dll's ...
Registered in 0.000934 seconds.
Begin MonoManager ReloadAssembly
Native extension for WindowsStandalone target not found
Native extension for WebGL target not found
Refreshing native plugins compatible for Editor in 0.19 ms, found 0 plugins.
Preloading 0 native plugins for Editor in 0.00 ms.
Invoked RoslynAnalysisRunner static constructor.
RoslynAnalysisRunner will not be running.
RoslynAnalysisRunner has terminated.
Mono: successfully reloaded assembly
- Completed reload, in  0.768 seconds
Platform modules already initialized, skipping
Refreshing native plugins compatible for Editor in 0.19 ms, found 0 plugins.
Preloading 0 native plugins for Editor in 0.00 ms.
Unloading 1113 Unused Serialized files (Serialized files now loaded: 0)
System memory in use before: 72.8 MB.
System memory in use after: 72.8 MB.

Unloading 5 unused Assets to reduce memory usage. Loaded Objects now: 1620.
Total: 4.818600 ms (FindLiveObjects: 0.372800 ms CreateObjectMapping: 0.100500 ms MarkObjects: 4.163700 ms  DeleteObjects: 0.178200 ms)

========================================================================
Received Import Request.
  Time since last request: 332.427749 seconds.
  path: Assets/Scripts/Core
  artifactKey: Guid(e12e175c329a3684d96cf43898d5392d) Importer(815301076,1909f56bfc062723c751e8b465ee728b)
Start importing Assets/Scripts/Core using Guid(e12e175c329a3684d96cf43898d5392d) Importer(815301076,1909f56bfc062723c751e8b465ee728b)  -> (artifact id: '9c8908349d73cd399503c7144d4f98cb') in 0.004120 seconds
  Import took 0.006276 seconds .

========================================================================
Received Prepare
Registering precompiled user dll's ...
Registered in 0.000981 seconds.
Begin MonoManager ReloadAssembly
Native extension for WindowsStandalone target not found
Native extension for WebGL target not found
Refreshing native plugins compatible for Editor in 0.20 ms, found 0 plugins.
Preloading 0 native plugins for Editor in 0.00 ms.
Invoked RoslynAnalysisRunner static constructor.
RoslynAnalysisRunner will not be running.
RoslynAnalysisRunner has terminated.
Mono: successfully reloaded assembly
- Completed reload, in  0.730 seconds
Platform modules already initialized, skipping
Refreshing native plugins compatible for Editor in 0.19 ms, found 0 plugins.
Preloading 0 native plugins for Editor in 0.00 ms.
Unloading 1113 Unused Serialized files (Serialized files now loaded: 0)
System memory in use before: 72.8 MB.
System memory in use after: 72.9 MB.

Unloading 5 unused Assets to reduce memory usage. Loaded Objects now: 1623.
Total: 1.709400 ms (FindLiveObjects: 0.123700 ms CreateObjectMapping: 0.034900 ms MarkObjects: 1.488800 ms  DeleteObjects: 0.060700 ms)

