Using pre-set license
Built from '2020.3/release' branch; Version is '2020.3.2f1 (8fd9074bf66c) revision 9427207'; Using compiler version '192528614'; Build Type 'Release'
OS: 'Windows 10 Home; OS build 19042.1288; Version 2009; 64bit' Language: 'en' Physical Memory: 16180 MB
BatchMode: 1, IsHumanControllingUs: 0, StartBugReporterOnCrash: 0, Is64bit: 1, IsPro: 0

 COMMAND LINE ARGUMENTS:
C:\Program Files\Unity\Hub\Editor\2020.3.2f1\Editor\Unity.exe
-adb2
-batchMode
-noUpm
-name
AssetImportWorker0
-projectPath
C:/Users/magen/Documents/UnityProjects/UntitledProject1/RPGProject
-logFile
Logs/AssetImportWorker0.log
-srvPort
50285
Successfully changed project path to: C:/Users/magen/Documents/UnityProjects/UntitledProject1/RPGProject
C:/Users/magen/Documents/UnityProjects/UntitledProject1/RPGProject
Using Asset Import Pipeline V2.
Refreshing native plugins compatible for Editor in 34.82 ms, found 0 plugins.
Preloading 0 native plugins for Editor in 0.00 ms.
Initialize engine version: 2020.3.2f1 (8fd9074bf66c)
[Subsystems] Discovering subsystems at path C:/Program Files/Unity/Hub/Editor/2020.3.2f1/Editor/Data/Resources/UnitySubsystems
[Subsystems] Discovering subsystems at path C:/Users/magen/Documents/UnityProjects/UntitledProject1/RPGProject/Assets
GfxDevice: creating device client; threaded=0
Direct3D:
    Version:  Direct3D 11.0 [level 11.1]
    Renderer: NVIDIA GeForce RTX 2070 with Max-Q Design (ID=0x1f10)
    Vendor:   
    VRAM:     8031 MB
    Driver:   27.21.14.6618
Initialize mono
Mono path[0] = 'C:/Program Files/Unity/Hub/Editor/2020.3.2f1/Editor/Data/Managed'
Mono path[1] = 'C:/Program Files/Unity/Hub/Editor/2020.3.2f1/Editor/Data/MonoBleedingEdge/lib/mono/unityjit'
Mono config path = 'C:/Program Files/Unity/Hub/Editor/2020.3.2f1/Editor/Data/MonoBleedingEdge/etc'
Using monoOptions --debugger-agent=transport=dt_socket,embedding=1,server=y,suspend=n,address=127.0.0.1:56780
Begin MonoManager ReloadAssembly
Registering precompiled unity dll's ...
Register platform support module: C:/Program Files/Unity/Hub/Editor/2020.3.2f1/Editor/Data/PlaybackEngines/WebGLSupport/UnityEditor.WebGL.Extensions.dll
Register platform support module: C:/Program Files/Unity/Hub/Editor/2020.3.2f1/Editor/Data/PlaybackEngines/WindowsStandaloneSupport/UnityEditor.WindowsStandalone.Extensions.dll
Registered in 0.003657 seconds.
Native extension for WindowsStandalone target not found
Native extension for WebGL target not found
Refreshing native plugins compatible for Editor in 23.81 ms, found 0 plugins.
Preloading 0 native plugins for Editor in 0.00 ms.
Invoked RoslynAnalysisRunner static constructor.
RoslynAnalysisRunner will not be running.
RoslynAnalysisRunner has terminated.
Mono: successfully reloaded assembly
- Completed reload, in  1.533 seconds
Platform modules already initialized, skipping
Registering precompiled user dll's ...
Registered in 0.000936 seconds.
Begin MonoManager ReloadAssembly
Native extension for WindowsStandalone target not found
Native extension for WebGL target not found
Refreshing native plugins compatible for Editor in 0.19 ms, found 0 plugins.
Preloading 0 native plugins for Editor in 0.00 ms.
Invoked RoslynAnalysisRunner static constructor.
RoslynAnalysisRunner will not be running.
RoslynAnalysisRunner has terminated.
Mono: successfully reloaded assembly
- Completed reload, in  0.836 seconds
Platform modules already initialized, skipping
========================================================================
Worker process is ready to serve import requests
Launched and connected shader compiler UnityShaderCompiler.exe after 0.06 seconds
Refreshing native plugins compatible for Editor in 0.23 ms, found 0 plugins.
Preloading 0 native plugins for Editor in 0.00 ms.
Unloading 1115 Unused Serialized files (Serialized files now loaded: 0)
System memory in use before: 68.9 MB.
System memory in use after: 68.9 MB.

Unloading 10 unused Assets to reduce memory usage. Loaded Objects now: 1571.
Total: 1.790000 ms (FindLiveObjects: 0.133700 ms CreateObjectMapping: 0.034300 ms MarkObjects: 1.541500 ms  DeleteObjects: 0.079500 ms)

========================================================================
Received Import Request.
  path: Assets/New Terrain.asset
  artifactKey: Guid(4810b939a92252c4785f90ca32333ff2) Importer(815301076,1909f56bfc062723c751e8b465ee728b)
Start importing Assets/New Terrain.asset using Guid(4810b939a92252c4785f90ca32333ff2) Importer(815301076,1909f56bfc062723c751e8b465ee728b)  -> (artifact id: '0ae675562ef73c4626ff5f46709b4982') in 0.048257 seconds
  Import took 0.050307 seconds .

========================================================================
Received Import Request.
  Time since last request: 57.221992 seconds.
  path: Assets/New Terrain.asset
  artifactKey: Guid(4810b939a92252c4785f90ca32333ff2) Importer(815301076,1909f56bfc062723c751e8b465ee728b)
Start importing Assets/New Terrain.asset using Guid(4810b939a92252c4785f90ca32333ff2) Importer(815301076,1909f56bfc062723c751e8b465ee728b)  -> (artifact id: '724898552e66856924cffc53868fdcec') in 0.006842 seconds
  Import took 0.008630 seconds .

========================================================================
Received Import Request.
  Time since last request: 30.988532 seconds.
  path: Assets
  artifactKey: Guid(00000000000000001000000000000000) Importer(815301076,1909f56bfc062723c751e8b465ee728b)
Start importing Assets using Guid(00000000000000001000000000000000) Importer(815301076,1909f56bfc062723c751e8b465ee728b)  -> (artifact id: '819a33a9bd799f71faca6db75e8a216c') in 0.002650 seconds
  Import took 0.004575 seconds .

========================================================================
Received Import Request.
  Time since last request: 0.000984 seconds.
  path: Assets
  artifactKey: Guid(00000000000000001000000000000000) Importer(815301076,1909f56bfc062723c751e8b465ee728b)
Start importing Assets using Guid(00000000000000001000000000000000) Importer(815301076,1909f56bfc062723c751e8b465ee728b)  -> (artifact id: '819a33a9bd799f71faca6db75e8a216c') in 0.002204 seconds
  Import took 0.003877 seconds .

========================================================================
Received Import Request.
  Time since last request: 4.842787 seconds.
  path: Assets/Player.prefab
  artifactKey: Guid(85ad7dd79138a9640b2c584bc11def2d) Importer(815301076,1909f56bfc062723c751e8b465ee728b)
Start importing Assets/Player.prefab using Guid(85ad7dd79138a9640b2c584bc11def2d) Importer(815301076,1909f56bfc062723c751e8b465ee728b)  -> (artifact id: '1efcce1bd07b6aad219b562abdeaf831') in 0.080514 seconds
  Import took 0.082309 seconds .

========================================================================
Received Import Request.
  Time since last request: 690.035119 seconds.
  path: Assets/Terrain Textures V1
  artifactKey: Guid(73f7334776e48cb45acdcf876d8dc972) Importer(815301076,1909f56bfc062723c751e8b465ee728b)
Start importing Assets/Terrain Textures V1 using Guid(73f7334776e48cb45acdcf876d8dc972) Importer(815301076,1909f56bfc062723c751e8b465ee728b)  -> (artifact id: '6eead610a6fde97cdec1a46b6a6b330c') in 0.003170 seconds
  Import took 0.005609 seconds .

========================================================================
Received Import Request.
  Time since last request: 1.097086 seconds.
  path: Assets/Terrain Textures V1/Terrain Textures V1.unitypackage
  artifactKey: Guid(e37259d3f1f77ae468c72422b41ac027) Importer(815301076,1909f56bfc062723c751e8b465ee728b)
Start importing Assets/Terrain Textures V1/Terrain Textures V1.unitypackage using Guid(e37259d3f1f77ae468c72422b41ac027) Importer(815301076,1909f56bfc062723c751e8b465ee728b)  -> (artifact id: '5d1bed2e45fc12872bc26b55323c602a') in 0.006588 seconds
  Import took 0.008450 seconds .

========================================================================
Received Import Request.
  Time since last request: 0.004126 seconds.
  path: Assets/Terrain Textures V1/Terrain Textures V1.unitypackage
  artifactKey: Guid(e37259d3f1f77ae468c72422b41ac027) Importer(815301076,1909f56bfc062723c751e8b465ee728b)
Start importing Assets/Terrain Textures V1/Terrain Textures V1.unitypackage using Guid(e37259d3f1f77ae468c72422b41ac027) Importer(815301076,1909f56bfc062723c751e8b465ee728b)  -> (artifact id: '5d1bed2e45fc12872bc26b55323c602a') in 0.002503 seconds
  Import took 0.004304 seconds .

========================================================================
Received Import Request.
  Time since last request: 5.568107 seconds.
  path: Assets/New Terrain.asset
  artifactKey: Guid(4810b939a92252c4785f90ca32333ff2) Importer(815301076,1909f56bfc062723c751e8b465ee728b)
Start importing Assets/New Terrain.asset using Guid(4810b939a92252c4785f90ca32333ff2) Importer(815301076,1909f56bfc062723c751e8b465ee728b)  -> (artifact id: '8824a4f1d5ca5f2fa81a8d4f32c9f443') in 0.007322 seconds
  Import took 0.009137 seconds .

========================================================================
Received Import Request.
  Time since last request: 5.553823 seconds.
  path: Assets/Asset Packs
  artifactKey: Guid(d926ee95adce9d94f8442da83e87650c) Importer(815301076,1909f56bfc062723c751e8b465ee728b)
Start importing Assets/Asset Packs using Guid(d926ee95adce9d94f8442da83e87650c) Importer(815301076,1909f56bfc062723c751e8b465ee728b)  -> (artifact id: '9f6fde550a68043cb5733c81aeda7efc') in 0.002694 seconds
  Import took 0.004429 seconds .

========================================================================
Received Import Request.
  Time since last request: 9.073777 seconds.
  path: Assets/Synty Sandbox V1
  artifactKey: Guid(302c3859659db5e40abcc4844f4b2752) Importer(815301076,1909f56bfc062723c751e8b465ee728b)
Start importing Assets/Synty Sandbox V1 using Guid(302c3859659db5e40abcc4844f4b2752) Importer(815301076,1909f56bfc062723c751e8b465ee728b)  -> (artifact id: 'c490d826076d00012896dbfc7fc0f44c') in 0.002638 seconds
  Import took 0.004374 seconds .

========================================================================
Received Import Request.
  Time since last request: 0.000607 seconds.
  path: Assets/Synty Sandbox V1
  artifactKey: Guid(302c3859659db5e40abcc4844f4b2752) Importer(815301076,1909f56bfc062723c751e8b465ee728b)
Start importing Assets/Synty Sandbox V1 using Guid(302c3859659db5e40abcc4844f4b2752) Importer(815301076,1909f56bfc062723c751e8b465ee728b)  -> (artifact id: 'c490d826076d00012896dbfc7fc0f44c') in 0.002183 seconds
  Import took 0.003848 seconds .

========================================================================
Received Import Request.
  Time since last request: 0.743928 seconds.
  path: Assets/Synty Sandbox V1/Synty Sandbox V1.unitypackage
  artifactKey: Guid(5d6d371755f002248b88848bdef7a8f1) Importer(815301076,1909f56bfc062723c751e8b465ee728b)
Start importing Assets/Synty Sandbox V1/Synty Sandbox V1.unitypackage using Guid(5d6d371755f002248b88848bdef7a8f1) Importer(815301076,1909f56bfc062723c751e8b465ee728b)  -> (artifact id: 'b485baf4529f4dac8b03222ab1a4bbd9') in 0.002698 seconds
  Import took 0.004437 seconds .

========================================================================
Received Import Request.
  Time since last request: 14.490693 seconds.
  path: Assets/Asset Packs/Terrain Textures
  artifactKey: Guid(2b9d0080c1c88264eb590db0ae9bd1a4) Importer(815301076,1909f56bfc062723c751e8b465ee728b)
Start importing Assets/Asset Packs/Terrain Textures using Guid(2b9d0080c1c88264eb590db0ae9bd1a4) Importer(815301076,1909f56bfc062723c751e8b465ee728b)  -> (artifact id: '937acadd5488d7b7c19196126d0a2255') in 0.002564 seconds
  Import took 0.004370 seconds .

========================================================================
Received Import Request.
  Time since last request: 0.000643 seconds.
  path: Assets/Asset Packs/Terrain Textures
  artifactKey: Guid(2b9d0080c1c88264eb590db0ae9bd1a4) Importer(815301076,1909f56bfc062723c751e8b465ee728b)
Start importing Assets/Asset Packs/Terrain Textures using Guid(2b9d0080c1c88264eb590db0ae9bd1a4) Importer(815301076,1909f56bfc062723c751e8b465ee728b)  -> (artifact id: '937acadd5488d7b7c19196126d0a2255') in 0.002187 seconds
  Import took 0.003866 seconds .

========================================================================
Received Import Request.
  Time since last request: 0.075232 seconds.
  path: Assets/Asset Packs/Terrain Textures/TT_Brown Dirt.BMP
  artifactKey: Guid(3c31f7cb4de039848a73c7f61c59707f) Importer(815301076,1909f56bfc062723c751e8b465ee728b)
Start importing Assets/Asset Packs/Terrain Textures/TT_Brown Dirt.BMP using Guid(3c31f7cb4de039848a73c7f61c59707f) Importer(815301076,1909f56bfc062723c751e8b465ee728b)  -> (artifact id: '93e45345cd6372fe88353a372a920e70') in 0.054665 seconds
  Import took 0.056406 seconds .

========================================================================
Received Import Request.
  Time since last request: 0.000300 seconds.
  path: Assets/Asset Packs/Terrain Textures/TT_Brown Mud.BMP
  artifactKey: Guid(6873e5be66ca4cb479326f827944ee04) Importer(815301076,1909f56bfc062723c751e8b465ee728b)
Start importing Assets/Asset Packs/Terrain Textures/TT_Brown Mud.BMP using Guid(6873e5be66ca4cb479326f827944ee04) Importer(815301076,1909f56bfc062723c751e8b465ee728b)  -> (artifact id: '0ba0b2a96d13fd9e7f3580e06e6f0ef5') in 0.010744 seconds
  Import took 0.012356 seconds .

========================================================================
Received Import Request.
  Time since last request: 0.000307 seconds.
  path: Assets/Asset Packs/Terrain Textures/TT_Cracked Soil.png
  artifactKey: Guid(4696148fc4ae8554f9f9ed7218cb1e17) Importer(815301076,1909f56bfc062723c751e8b465ee728b)
Start importing Assets/Asset Packs/Terrain Textures/TT_Cracked Soil.png using Guid(4696148fc4ae8554f9f9ed7218cb1e17) Importer(815301076,1909f56bfc062723c751e8b465ee728b)  -> (artifact id: '9b3f249fda89b2112df43be6e11ae189') in 0.011261 seconds
  Import took 0.013031 seconds .

========================================================================
Received Import Request.
  Time since last request: 0.000188 seconds.
  path: Assets/Asset Packs/Terrain Textures/TT_Green Grass.BMP
  artifactKey: Guid(97fbaf45bf3e43b45ba4cb8c6873bb51) Importer(815301076,1909f56bfc062723c751e8b465ee728b)
Start importing Assets/Asset Packs/Terrain Textures/TT_Green Grass.BMP using Guid(97fbaf45bf3e43b45ba4cb8c6873bb51) Importer(815301076,1909f56bfc062723c751e8b465ee728b)  -> (artifact id: 'b8d596b125d6a3900bdc89b80c85ca52') in 0.009244 seconds
  Import took 0.010894 seconds .

========================================================================
Received Import Request.
  Time since last request: 0.000289 seconds.
  path: Assets/Asset Packs/Terrain Textures/TT_Cliff.jpg
  artifactKey: Guid(80598239e7a383e4b8472b6305194c22) Importer(815301076,1909f56bfc062723c751e8b465ee728b)
Start importing Assets/Asset Packs/Terrain Textures/TT_Cliff.jpg using Guid(80598239e7a383e4b8472b6305194c22) Importer(815301076,1909f56bfc062723c751e8b465ee728b)  -> (artifact id: '585be932a08035df6431ca83b0eaf3dd') in 0.011509 seconds
  Import took 0.013508 seconds .

========================================================================
Received Import Request.
  Time since last request: 0.000242 seconds.
  path: Assets/Asset Packs/Terrain Textures/TT_Light Green Grass.BMP
  artifactKey: Guid(8b6712a039f2cf24fb0cb22f5be29af8) Importer(815301076,1909f56bfc062723c751e8b465ee728b)
Start importing Assets/Asset Packs/Terrain Textures/TT_Light Green Grass.BMP using Guid(8b6712a039f2cf24fb0cb22f5be29af8) Importer(815301076,1909f56bfc062723c751e8b465ee728b)  -> (artifact id: 'f5988178e5813243ff8a4cbdd64c6fb1') in 0.007685 seconds
  Import took 0.009686 seconds .

========================================================================
Received Import Request.
  Time since last request: 0.000269 seconds.
  path: Assets/Asset Packs/Terrain Textures/TT_Cobblestone Floor Dark.png
  artifactKey: Guid(69ba02ae41d44554e970050ac01b97a8) Importer(815301076,1909f56bfc062723c751e8b465ee728b)
Start importing Assets/Asset Packs/Terrain Textures/TT_Cobblestone Floor Dark.png using Guid(69ba02ae41d44554e970050ac01b97a8) Importer(815301076,1909f56bfc062723c751e8b465ee728b)  -> (artifact id: '52ba0f43a89cfc59fe118044618bda8b') in 0.007652 seconds
  Import took 0.009503 seconds .

========================================================================
Received Import Request.
  Time since last request: 0.000182 seconds.
  path: Assets/Asset Packs/Terrain Textures/TT_Cobblestone Floor.jpg
  artifactKey: Guid(dc56d05306299f047a3570a2c7cf8b07) Importer(815301076,1909f56bfc062723c751e8b465ee728b)
Start importing Assets/Asset Packs/Terrain Textures/TT_Cobblestone Floor.jpg using Guid(dc56d05306299f047a3570a2c7cf8b07) Importer(815301076,1909f56bfc062723c751e8b465ee728b)  -> (artifact id: '961e81cc3e45c69f8b56e277043974e2') in 0.007980 seconds
  Import took 0.009873 seconds .

========================================================================
Received Import Request.
  Time since last request: 6.013788 seconds.
  path: Assets/Asset Packs/Synty - Polygon Student Sample/Textures/PolyAdventureTexture_01.png
  artifactKey: Guid(b8f889a91be35174bbbb38d1057b6493) Importer(815301076,1909f56bfc062723c751e8b465ee728b)
Start importing Assets/Asset Packs/Synty - Polygon Student Sample/Textures/PolyAdventureTexture_01.png using Guid(b8f889a91be35174bbbb38d1057b6493) Importer(815301076,1909f56bfc062723c751e8b465ee728b)  -> (artifact id: 'a9be8655128351d10ef93db393947a1a') in 0.007866 seconds
  Import took 0.009664 seconds .

========================================================================
Received Import Request.
  Time since last request: 0.000268 seconds.
  path: Assets/Asset Packs/Synty - Polygon Student Sample/Textures/PolygonSamurai_Tex_01.png
  artifactKey: Guid(57fee65f3ac7eb64e874d0c659e718ab) Importer(815301076,1909f56bfc062723c751e8b465ee728b)
Start importing Assets/Asset Packs/Synty - Polygon Student Sample/Textures/PolygonSamurai_Tex_01.png using Guid(57fee65f3ac7eb64e874d0c659e718ab) Importer(815301076,1909f56bfc062723c751e8b465ee728b)  -> (artifact id: '571c78960f140cacc97095458d2e98ce') in 0.010040 seconds
  Import took 0.011805 seconds .

========================================================================
Received Import Request.
  Time since last request: 0.004192 seconds.
  path: Assets/Asset Packs/Synty - Polygon Student Sample/Textures/PolyAdventureTexture_01.png
  artifactKey: Guid(b8f889a91be35174bbbb38d1057b6493) Importer(815301076,1909f56bfc062723c751e8b465ee728b)
Start importing Assets/Asset Packs/Synty - Polygon Student Sample/Textures/PolyAdventureTexture_01.png using Guid(b8f889a91be35174bbbb38d1057b6493) Importer(815301076,1909f56bfc062723c751e8b465ee728b)  -> (artifact id: 'a9be8655128351d10ef93db393947a1a') in 0.007862 seconds
  Import took 0.009683 seconds .

AssetImportWorkerClient::OnTransportError - code=2 error=End of file
